<?xml version="1.0" encoding="UTF-8"?>
<testng-results ignored="0" total="1" passed="1" failed="0" skipped="0">
  <reporter-output>
  </reporter-output>
  <suite started-at="2022-09-07T17:48:02 IST" name="Default suite" finished-at="2022-09-07T17:48:13 IST" duration-ms="10855">
    <groups>
    </groups>
    <test started-at="2022-09-07T17:48:02 IST" name="Default test" finished-at="2022-09-07T17:48:13 IST" duration-ms="10855">
      <class name="endToEndautomateRMGYANTRA.AutomateRmgTest">
        <test-method is-config="true" signature="dbConfig()[pri:0, instance:endToEndautomateRMGYANTRA.AutomateRmgTest@183ec003]" started-at="2022-09-07T17:48:01 IST" name="dbConfig" finished-at="2022-09-07T17:48:02 IST" duration-ms="698" status="PASS">
          <reporter-output>
          </reporter-output>
        </test-method> <!-- dbConfig -->
        <test-method signature="automatePostRmg()[pri:0, instance:endToEndautomateRMGYANTRA.AutomateRmgTest@183ec003]" started-at="2022-09-07T17:48:02 IST" name="automatePostRmg" finished-at="2022-09-07T17:48:13 IST" duration-ms="10817" status="PASS">
          <reporter-output>
          </reporter-output>
        </test-method> <!-- automatePostRmg -->
        <test-method is-config="true" signature="closeDBconfig()[pri:0, instance:endToEndautomateRMGYANTRA.AutomateRmgTest@183ec003]" started-at="2022-09-07T17:48:13 IST" name="closeDBconfig" finished-at="2022-09-07T17:48:13 IST" duration-ms="0" status="PASS">
          <reporter-output>
          </reporter-output>
        </test-method> <!-- closeDBconfig -->
      </class> <!-- endToEndautomateRMGYANTRA.AutomateRmgTest -->
    </test> <!-- Default test -->
  </suite> <!-- Default suite -->
</testng-results>
